<?xml version="1.0" encoding="UTF-8"?>
<testsuite xmlns:xsi="http://www.w3.org/2001/XMLSchema-instance" xsi:noNamespaceSchemaLocation="https://maven.apache.org/surefire/maven-surefire-plugin/xsd/surefire-test-report.xsd" version="3.0.2" name="TestSuite" time="26.666" tests="14" errors="0" skipped="0" failures="4">
  <properties>
[...]
</properties>
  <testcase name="testPostUser[343521, prasant, prasant, Family, abc@gmail.com, hdhgdhd, 735498612](1)" classname="api.test.UserDDTests" time="5.005">
    <system-out><![CDATA[2025-03-12 16:20:57 [main] INFO  UserDDTests - ***********Creating User******
2025-03-12 16:21:02 [main] INFO  UserDDTests - Response Status Code: 200
2025-03-12 16:21:02 [main] INFO  UserDDTests - Response Body: {"code":200,"type":"unknown","message":"343521"}
2025-03-12 16:21:02 [main] INFO  UserDDTests - ******User Created***********
]]></system-out>
    <system-err><![CDATA[SLF4J: Failed to load class "org.slf4j.impl.StaticLoggerBinder".
SLF4J: Defaulting to no-operation (NOP) logger implementation
SLF4J: See http://www.slf4j.org/codes.html#StaticLoggerBinder for further details.
]]></system-err>
  </testcase>
  <testcase name="testPostUser[34356, harika, harika, Family, abc1@gmail.com, dnndd, 735498612](2)" classname="api.test.UserDDTests" time="1.162">
    <system-out><![CDATA[2025-03-12 16:21:02 [main] INFO  UserDDTests - ***********Creating User******
2025-03-12 16:21:03 [main] INFO  UserDDTests - Response Status Code: 200
2025-03-12 16:21:03 [main] INFO  UserDDTests - Response Body: {"code":200,"type":"unknown","message":"34356"}
2025-03-12 16:21:03 [main] INFO  UserDDTests - ******User Created***********
]]></system-out>
  </testcase>
  <testcase name="testPostUser[34532, Sweety, Sweety, Family, abc2@gmail.com, db1dbd, 735498612](3)" classname="api.test.UserDDTests" time="1.249">
    <system-out><![CDATA[2025-03-12 16:21:03 [main] INFO  UserDDTests - ***********Creating User******
2025-03-12 16:21:04 [main] INFO  UserDDTests - Response Status Code: 200
2025-03-12 16:21:04 [main] INFO  UserDDTests - Response Body: {"code":200,"type":"unknown","message":"34532"}
2025-03-12 16:21:04 [main] INFO  UserDDTests - ******User Created***********
]]></system-out>
  </testcase>
  <testcase name="testPostUser[343345, Vasu, Vasu, Family, abc3@gmail.com, db2dbd, 735498612](4)" classname="api.test.UserDDTests" time="1.137">
    <system-out><![CDATA[2025-03-12 16:21:04 [main] INFO  UserDDTests - ***********Creating User******
2025-03-12 16:21:05 [main] INFO  UserDDTests - Response Status Code: 200
2025-03-12 16:21:05 [main] INFO  UserDDTests - Response Body: {"code":200,"type":"unknown","message":"343345"}
2025-03-12 16:21:05 [main] INFO  UserDDTests - ******User Created***********
]]></system-out>
  </testcase>
  <testcase name="testPostUser[4423345, Prasanna, Prasanna, Family, abc11@gmail.com, db3dbd, 735498612](5)" classname="api.test.UserDDTests" time="1.165">
    <system-out><![CDATA[2025-03-12 16:21:05 [main] INFO  UserDDTests - ***********Creating User******
2025-03-12 16:21:07 [main] INFO  UserDDTests - Response Status Code: 200
2025-03-12 16:21:07 [main] INFO  UserDDTests - Response Body: {"code":200,"type":"unknown","message":"4423345"}
2025-03-12 16:21:07 [main] INFO  UserDDTests - ******User Created***********
]]></system-out>
  </testcase>
  <testcase name="testPostUser[2442345, Vanaja, Vanaja, Family, abc22@gmail.com, db4dbd, 735498612](6)" classname="api.test.UserDDTests" time="1.19">
    <system-out><![CDATA[2025-03-12 16:21:07 [main] INFO  UserDDTests - ***********Creating User******
2025-03-12 16:21:08 [main] INFO  UserDDTests - Response Status Code: 200
2025-03-12 16:21:08 [main] INFO  UserDDTests - Response Body: {"code":200,"type":"unknown","message":"2442345"}
2025-03-12 16:21:08 [main] INFO  UserDDTests - ******User Created***********
]]></system-out>
  </testcase>
  <testcase name="testPostUser[45622345, Param, Param, Family, abc32@gmail.com, db5dbd, 735498612](7)" classname="api.test.UserDDTests" time="1.206">
    <system-out><![CDATA[2025-03-12 16:21:08 [main] INFO  UserDDTests - ***********Creating User******
2025-03-12 16:21:09 [main] INFO  UserDDTests - Response Status Code: 200
2025-03-12 16:21:09 [main] INFO  UserDDTests - Response Body: {"code":200,"type":"unknown","message":"45622345"}
2025-03-12 16:21:09 [main] INFO  UserDDTests - ******User Created***********
]]></system-out>
  </testcase>
  <testcase name="testDelUser[prasant](1)" classname="api.test.UserDDTests" time="1.232">
    <failure message="expected [200] but found [404]" type="java.lang.AssertionError"><![CDATA[java.lang.AssertionError: expected [200] but found [404]
	at org.testng.Assert.fail(Assert.java:110)
	at org.testng.Assert.failNotEquals(Assert.java:1577)
	at org.testng.Assert.assertEqualsImpl(Assert.java:149)
	at org.testng.Assert.assertEquals(Assert.java:131)
	at org.testng.Assert.assertEquals(Assert.java:1418)
	at org.testng.Assert.assertEquals(Assert.java:1382)
	at org.testng.Assert.assertEquals(Assert.java:1428)
	at api.test.UserDDTests.testDelUser(UserDDTests.java:76)
	at java.base/jdk.internal.reflect.DirectMethodHandleAccessor.invoke(DirectMethodHandleAccessor.java:103)
	at java.base/java.lang.reflect.Method.invoke(Method.java:580)
	at org.testng.internal.invokers.MethodInvocationHelper.invokeMethod(MethodInvocationHelper.java:139)
	at org.testng.internal.invokers.TestInvoker.invokeMethod(TestInvoker.java:677)
	at org.testng.internal.invokers.TestInvoker.invokeTestMethod(TestInvoker.java:221)
	at org.testng.internal.invokers.MethodRunner.runInSequence(MethodRunner.java:50)
	at org.testng.internal.invokers.TestInvoker$MethodInvocationAgent.invoke(TestInvoker.java:969)
	at org.testng.internal.invokers.TestInvoker.invokeTestMethods(TestInvoker.java:194)
	at org.testng.internal.invokers.TestMethodWorker.invokeTestMethods(TestMethodWorker.java:148)
	at org.testng.internal.invokers.TestMethodWorker.run(TestMethodWorker.java:128)
	at java.base/java.util.ArrayList.forEach(ArrayList.java:1597)
	at org.testng.TestRunner.privateRun(TestRunner.java:829)
	at org.testng.TestRunner.run(TestRunner.java:602)
	at org.testng.SuiteRunner.runTest(SuiteRunner.java:437)
	at org.testng.SuiteRunner.runSequentially(SuiteRunner.java:431)
	at org.testng.SuiteRunner.privateRun(SuiteRunner.java:391)
	at org.testng.SuiteRunner.run(SuiteRunner.java:330)
	at org.testng.SuiteRunnerWorker.runSuite(SuiteRunnerWorker.java:52)
	at org.testng.SuiteRunnerWorker.run(SuiteRunnerWorker.java:95)
	at org.testng.TestNG.runSuitesSequentially(TestNG.java:1256)
	at org.testng.TestNG.runSuitesLocally(TestNG.java:1176)
	at org.testng.TestNG.runSuites(TestNG.java:1099)
	at org.testng.TestNG.run(TestNG.java:1067)
	at org.apache.maven.surefire.testng.TestNGExecutor.run(TestNGExecutor.java:308)
	at org.apache.maven.surefire.testng.TestNGXmlTestSuite.execute(TestNGXmlTestSuite.java:71)
	at org.apache.maven.surefire.testng.TestNGProvider.invoke(TestNGProvider.java:113)
	at org.apache.maven.surefire.booter.ForkedBooter.runSuitesInProcess(ForkedBooter.java:385)
	at org.apache.maven.surefire.booter.ForkedBooter.execute(ForkedBooter.java:162)
	at org.apache.maven.surefire.booter.ForkedBooter.run(ForkedBooter.java:507)
	at org.apache.maven.surefire.booter.ForkedBooter.main(ForkedBooter.java:495)
]]></failure>
    <system-out><![CDATA[2025-03-12 16:21:09 [main] INFO  UserDDTests - *************Deleting Created User***********
HTTP/1.1 404 Not Found
Date: Wed, 12 Mar 2025 10:51:09 GMT
Content-Length: 0
Connection: keep-alive
Access-Control-Allow-Origin: *
Access-Control-Allow-Methods: GET, POST, DELETE, PUT
Access-Control-Allow-Headers: Content-Type, api_key, Authorization
Server: Jetty(9.2.9.v20150224)
]]></system-out>
  </testcase>
  <testcase name="testDelUser[harika](2)" classname="api.test.UserDDTests" time="1.283">
    <system-out><![CDATA[2025-03-12 16:21:10 [main] INFO  UserDDTests - *************Deleting Created User***********
HTTP/1.1 200 OK
Date: Wed, 12 Mar 2025 10:51:11 GMT
Content-Type: application/json
Transfer-Encoding: chunked
Connection: keep-alive
Access-Control-Allow-Origin: *
Access-Control-Allow-Methods: GET, POST, DELETE, PUT
Access-Control-Allow-Headers: Content-Type, api_key, Authorization
Server: Jetty(9.2.9.v20150224)

{
    "code": 200,
    "type": "unknown",
    "message": "harika"
}
2025-03-12 16:21:12 [main] INFO  UserDDTests - Response Status Code: 200
2025-03-12 16:21:12 [main] INFO  UserDDTests - Response Body: {"code":200,"type":"unknown","message":"harika"}
2025-03-12 16:21:12 [main] INFO  UserDDTests - *************Deleted Created User***********
]]></system-out>
  </testcase>
  <testcase name="testDelUser[Sweety](3)" classname="api.test.UserDDTests" time="1.165">
    <failure message="expected [200] but found [404]" type="java.lang.AssertionError"><![CDATA[java.lang.AssertionError: expected [200] but found [404]
	at org.testng.Assert.fail(Assert.java:110)
	at org.testng.Assert.failNotEquals(Assert.java:1577)
	at org.testng.Assert.assertEqualsImpl(Assert.java:149)
	at org.testng.Assert.assertEquals(Assert.java:131)
	at org.testng.Assert.assertEquals(Assert.java:1418)
	at org.testng.Assert.assertEquals(Assert.java:1382)
	at org.testng.Assert.assertEquals(Assert.java:1428)
	at api.test.UserDDTests.testDelUser(UserDDTests.java:76)
	at java.base/jdk.internal.reflect.DirectMethodHandleAccessor.invoke(DirectMethodHandleAccessor.java:103)
	at java.base/java.lang.reflect.Method.invoke(Method.java:580)
	at org.testng.internal.invokers.MethodInvocationHelper.invokeMethod(MethodInvocationHelper.java:139)
	at org.testng.internal.invokers.TestInvoker.invokeMethod(TestInvoker.java:677)
	at org.testng.internal.invokers.TestInvoker.invokeTestMethod(TestInvoker.java:221)
	at org.testng.internal.invokers.MethodRunner.runInSequence(MethodRunner.java:50)
	at org.testng.internal.invokers.TestInvoker$MethodInvocationAgent.invoke(TestInvoker.java:969)
	at org.testng.internal.invokers.TestInvoker.invokeTestMethods(TestInvoker.java:194)
	at org.testng.internal.invokers.TestMethodWorker.invokeTestMethods(TestMethodWorker.java:148)
	at org.testng.internal.invokers.TestMethodWorker.run(TestMethodWorker.java:128)
	at java.base/java.util.ArrayList.forEach(ArrayList.java:1597)
	at org.testng.TestRunner.privateRun(TestRunner.java:829)
	at org.testng.TestRunner.run(TestRunner.java:602)
	at org.testng.SuiteRunner.runTest(SuiteRunner.java:437)
	at org.testng.SuiteRunner.runSequentially(SuiteRunner.java:431)
	at org.testng.SuiteRunner.privateRun(SuiteRunner.java:391)
	at org.testng.SuiteRunner.run(SuiteRunner.java:330)
	at org.testng.SuiteRunnerWorker.runSuite(SuiteRunnerWorker.java:52)
	at org.testng.SuiteRunnerWorker.run(SuiteRunnerWorker.java:95)
	at org.testng.TestNG.runSuitesSequentially(TestNG.java:1256)
	at org.testng.TestNG.runSuitesLocally(TestNG.java:1176)
	at org.testng.TestNG.runSuites(TestNG.java:1099)
	at org.testng.TestNG.run(TestNG.java:1067)
	at org.apache.maven.surefire.testng.TestNGExecutor.run(TestNGExecutor.java:308)
	at org.apache.maven.surefire.testng.TestNGXmlTestSuite.execute(TestNGXmlTestSuite.java:71)
	at org.apache.maven.surefire.testng.TestNGProvider.invoke(TestNGProvider.java:113)
	at org.apache.maven.surefire.booter.ForkedBooter.runSuitesInProcess(ForkedBooter.java:385)
	at org.apache.maven.surefire.booter.ForkedBooter.execute(ForkedBooter.java:162)
	at org.apache.maven.surefire.booter.ForkedBooter.run(ForkedBooter.java:507)
	at org.apache.maven.surefire.booter.ForkedBooter.main(ForkedBooter.java:495)
]]></failure>
    <system-out><![CDATA[2025-03-12 16:21:12 [main] INFO  UserDDTests - *************Deleting Created User***********
HTTP/1.1 404 Not Found
Date: Wed, 12 Mar 2025 10:51:12 GMT
Content-Length: 0
Connection: keep-alive
Access-Control-Allow-Origin: *
Access-Control-Allow-Methods: GET, POST, DELETE, PUT
Access-Control-Allow-Headers: Content-Type, api_key, Authorization
Server: Jetty(9.2.9.v20150224)
]]></system-out>
  </testcase>
  <testcase name="testDelUser[Vasu](4)" classname="api.test.UserDDTests" time="1.122">
    <failure message="expected [200] but found [404]" type="java.lang.AssertionError"><![CDATA[java.lang.AssertionError: expected [200] but found [404]
	at org.testng.Assert.fail(Assert.java:110)
	at org.testng.Assert.failNotEquals(Assert.java:1577)
	at org.testng.Assert.assertEqualsImpl(Assert.java:149)
	at org.testng.Assert.assertEquals(Assert.java:131)
	at org.testng.Assert.assertEquals(Assert.java:1418)
	at org.testng.Assert.assertEquals(Assert.java:1382)
	at org.testng.Assert.assertEquals(Assert.java:1428)
	at api.test.UserDDTests.testDelUser(UserDDTests.java:76)
	at java.base/jdk.internal.reflect.DirectMethodHandleAccessor.invoke(DirectMethodHandleAccessor.java:103)
	at java.base/java.lang.reflect.Method.invoke(Method.java:580)
	at org.testng.internal.invokers.MethodInvocationHelper.invokeMethod(MethodInvocationHelper.java:139)
	at org.testng.internal.invokers.TestInvoker.invokeMethod(TestInvoker.java:677)
	at org.testng.internal.invokers.TestInvoker.invokeTestMethod(TestInvoker.java:221)
	at org.testng.internal.invokers.MethodRunner.runInSequence(MethodRunner.java:50)
	at org.testng.internal.invokers.TestInvoker$MethodInvocationAgent.invoke(TestInvoker.java:969)
	at org.testng.internal.invokers.TestInvoker.invokeTestMethods(TestInvoker.java:194)
	at org.testng.internal.invokers.TestMethodWorker.invokeTestMethods(TestMethodWorker.java:148)
	at org.testng.internal.invokers.TestMethodWorker.run(TestMethodWorker.java:128)
	at java.base/java.util.ArrayList.forEach(ArrayList.java:1597)
	at org.testng.TestRunner.privateRun(TestRunner.java:829)
	at org.testng.TestRunner.run(TestRunner.java:602)
	at org.testng.SuiteRunner.runTest(SuiteRunner.java:437)
	at org.testng.SuiteRunner.runSequentially(SuiteRunner.java:431)
	at org.testng.SuiteRunner.privateRun(SuiteRunner.java:391)
	at org.testng.SuiteRunner.run(SuiteRunner.java:330)
	at org.testng.SuiteRunnerWorker.runSuite(SuiteRunnerWorker.java:52)
	at org.testng.SuiteRunnerWorker.run(SuiteRunnerWorker.java:95)
	at org.testng.TestNG.runSuitesSequentially(TestNG.java:1256)
	at org.testng.TestNG.runSuitesLocally(TestNG.java:1176)
	at org.testng.TestNG.runSuites(TestNG.java:1099)
	at org.testng.TestNG.run(TestNG.java:1067)
	at org.apache.maven.surefire.testng.TestNGExecutor.run(TestNGExecutor.java:308)
	at org.apache.maven.surefire.testng.TestNGXmlTestSuite.execute(TestNGXmlTestSuite.java:71)
	at org.apache.maven.surefire.testng.TestNGProvider.invoke(TestNGProvider.java:113)
	at org.apache.maven.surefire.booter.ForkedBooter.runSuitesInProcess(ForkedBooter.java:385)
	at org.apache.maven.surefire.booter.ForkedBooter.execute(ForkedBooter.java:162)
	at org.apache.maven.surefire.booter.ForkedBooter.run(ForkedBooter.java:507)
	at org.apache.maven.surefire.booter.ForkedBooter.main(ForkedBooter.java:495)
]]></failure>
    <system-out><![CDATA[2025-03-12 16:21:13 [main] INFO  UserDDTests - *************Deleting Created User***********
HTTP/1.1 404 Not Found
Date: Wed, 12 Mar 2025 10:51:13 GMT
Content-Length: 0
Connection: keep-alive
Access-Control-Allow-Origin: *
Access-Control-Allow-Methods: GET, POST, DELETE, PUT
Access-Control-Allow-Headers: Content-Type, api_key, Authorization
Server: Jetty(9.2.9.v20150224)
]]></system-out>
  </testcase>
  <testcase name="testDelUser[Prasanna](5)" classname="api.test.UserDDTests" time="1.175">
    <system-out><![CDATA[2025-03-12 16:21:14 [main] INFO  UserDDTests - *************Deleting Created User***********
HTTP/1.1 200 OK
Date: Wed, 12 Mar 2025 10:51:14 GMT
Content-Type: application/json
Transfer-Encoding: chunked
Connection: keep-alive
Access-Control-Allow-Origin: *
Access-Control-Allow-Methods: GET, POST, DELETE, PUT
Access-Control-Allow-Headers: Content-Type, api_key, Authorization
Server: Jetty(9.2.9.v20150224)

{
    "code": 200,
    "type": "unknown",
    "message": "Prasanna"
}
2025-03-12 16:21:15 [main] INFO  UserDDTests - Response Status Code: 200
2025-03-12 16:21:15 [main] INFO  UserDDTests - Response Body: {"code":200,"type":"unknown","message":"Prasanna"}
2025-03-12 16:21:15 [main] INFO  UserDDTests - *************Deleted Created User***********
]]></system-out>
  </testcase>
  <testcase name="testDelUser[Vanaja](6)" classname="api.test.UserDDTests" time="1.178">
    <system-out><![CDATA[2025-03-12 16:21:15 [main] INFO  UserDDTests - *************Deleting Created User***********
HTTP/1.1 200 OK
Date: Wed, 12 Mar 2025 10:51:15 GMT
Content-Type: application/json
Transfer-Encoding: chunked
Connection: keep-alive
Access-Control-Allow-Origin: *
Access-Control-Allow-Methods: GET, POST, DELETE, PUT
Access-Control-Allow-Headers: Content-Type, api_key, Authorization
Server: Jetty(9.2.9.v20150224)

{
    "code": 200,
    "type": "unknown",
    "message": "Vanaja"
}
2025-03-12 16:21:16 [main] INFO  UserDDTests - Response Status Code: 200
2025-03-12 16:21:16 [main] INFO  UserDDTests - Response Body: {"code":200,"type":"unknown","message":"Vanaja"}
2025-03-12 16:21:16 [main] INFO  UserDDTests - *************Deleted Created User***********
]]></system-out>
  </testcase>
  <testcase name="testDelUser[Param](7)" classname="api.test.UserDDTests" time="1.234">
    <failure message="expected [200] but found [404]" type="java.lang.AssertionError"><![CDATA[java.lang.AssertionError: expected [200] but found [404]
	at org.testng.Assert.fail(Assert.java:110)
	at org.testng.Assert.failNotEquals(Assert.java:1577)
	at org.testng.Assert.assertEqualsImpl(Assert.java:149)
	at org.testng.Assert.assertEquals(Assert.java:131)
	at org.testng.Assert.assertEquals(Assert.java:1418)
	at org.testng.Assert.assertEquals(Assert.java:1382)
	at org.testng.Assert.assertEquals(Assert.java:1428)
	at api.test.UserDDTests.testDelUser(UserDDTests.java:76)
	at java.base/jdk.internal.reflect.DirectMethodHandleAccessor.invoke(DirectMethodHandleAccessor.java:103)
	at java.base/java.lang.reflect.Method.invoke(Method.java:580)
	at org.testng.internal.invokers.MethodInvocationHelper.invokeMethod(MethodInvocationHelper.java:139)
	at org.testng.internal.invokers.TestInvoker.invokeMethod(TestInvoker.java:677)
	at org.testng.internal.invokers.TestInvoker.invokeTestMethod(TestInvoker.java:221)
	at org.testng.internal.invokers.MethodRunner.runInSequence(MethodRunner.java:50)
	at org.testng.internal.invokers.TestInvoker$MethodInvocationAgent.invoke(TestInvoker.java:969)
	at org.testng.internal.invokers.TestInvoker.invokeTestMethods(TestInvoker.java:194)
	at org.testng.internal.invokers.TestMethodWorker.invokeTestMethods(TestMethodWorker.java:148)
	at org.testng.internal.invokers.TestMethodWorker.run(TestMethodWorker.java:128)
	at java.base/java.util.ArrayList.forEach(ArrayList.java:1597)
	at org.testng.TestRunner.privateRun(TestRunner.java:829)
	at org.testng.TestRunner.run(TestRunner.java:602)
	at org.testng.SuiteRunner.runTest(SuiteRunner.java:437)
	at org.testng.SuiteRunner.runSequentially(SuiteRunner.java:431)
	at org.testng.SuiteRunner.privateRun(SuiteRunner.java:391)
	at org.testng.SuiteRunner.run(SuiteRunner.java:330)
	at org.testng.SuiteRunnerWorker.runSuite(SuiteRunnerWorker.java:52)
	at org.testng.SuiteRunnerWorker.run(SuiteRunnerWorker.java:95)
	at org.testng.TestNG.runSuitesSequentially(TestNG.java:1256)
	at org.testng.TestNG.runSuitesLocally(TestNG.java:1176)
	at org.testng.TestNG.runSuites(TestNG.java:1099)
	at org.testng.TestNG.run(TestNG.java:1067)
	at org.apache.maven.surefire.testng.TestNGExecutor.run(TestNGExecutor.java:308)
	at org.apache.maven.surefire.testng.TestNGXmlTestSuite.execute(TestNGXmlTestSuite.java:71)
	at org.apache.maven.surefire.testng.TestNGProvider.invoke(TestNGProvider.java:113)
	at org.apache.maven.surefire.booter.ForkedBooter.runSuitesInProcess(ForkedBooter.java:385)
	at org.apache.maven.surefire.booter.ForkedBooter.execute(ForkedBooter.java:162)
	at org.apache.maven.surefire.booter.ForkedBooter.run(ForkedBooter.java:507)
	at org.apache.maven.surefire.booter.ForkedBooter.main(ForkedBooter.java:495)
]]></failure>
    <system-out><![CDATA[2025-03-12 16:21:16 [main] INFO  UserDDTests - *************Deleting Created User***********
HTTP/1.1 404 Not Found
Date: Wed, 12 Mar 2025 10:51:17 GMT
Content-Length: 0
Connection: keep-alive
Access-Control-Allow-Origin: *
Access-Control-Allow-Methods: GET, POST, DELETE, PUT
Access-Control-Allow-Headers: Content-Type, api_key, Authorization
Server: Jetty(9.2.9.v20150224)
]]></system-out>
  </testcase>
</testsuite>