<?xml version="1.0" encoding="UTF-8"?>
<!-- Generated by org.testng.reporters.JUnitXMLReporter -->
<testsuite ignored="0" hostname="DESKTOP-LFJLTI0" failures="4" tests="14" name="PetTest" time="25.062" errors="0" timestamp="2025-03-12T16:21:18 IST">
  <testcase classname="api.test.UserDDTests" name="testPostUser" time="4.989"/>
  <testcase classname="api.test.UserDDTests" name="testPostUser" time="1.162"/>
  <testcase classname="api.test.UserDDTests" name="testPostUser" time="1.246"/>
  <testcase classname="api.test.UserDDTests" name="testPostUser" time="1.138"/>
  <testcase classname="api.test.UserDDTests" name="testPostUser" time="1.172"/>
  <testcase classname="api.test.UserDDTests" name="testPostUser" time="1.189"/>
  <testcase classname="api.test.UserDDTests" name="testPostUser" time="1.197"/>
  <testcase classname="api.test.UserDDTests" name="testDelUser" time="1.202">
    <failure type="java.lang.AssertionError" message="expected [200] but found [404]">
      <![CDATA[java.lang.AssertionError: expected [200] but found [404]
at api.test.UserDDTests.testDelUser(UserDDTests.java:76)
at java.base/java.util.ArrayList.forEach(ArrayList.java:1597)
... Removed 36 stack frames]]>
    </failure>
  </testcase> <!-- testDelUser -->
  <testcase classname="api.test.UserDDTests" name="testDelUser" time="1.272"/>
  <testcase classname="api.test.UserDDTests" name="testDelUser" time="1.172">
    <failure type="java.lang.AssertionError" message="expected [200] but found [404]">
      <![CDATA[java.lang.AssertionError: expected [200] but found [404]
at api.test.UserDDTests.testDelUser(UserDDTests.java:76)
at java.base/java.util.ArrayList.forEach(ArrayList.java:1597)
... Removed 36 stack frames]]>
    </failure>
  </testcase> <!-- testDelUser -->
  <testcase classname="api.test.UserDDTests" name="testDelUser" time="1.121">
    <failure type="java.lang.AssertionError" message="expected [200] but found [404]">
      <![CDATA[java.lang.AssertionError: expected [200] but found [404]
at api.test.UserDDTests.testDelUser(UserDDTests.java:76)
at java.base/java.util.ArrayList.forEach(ArrayList.java:1597)
... Removed 36 stack frames]]>
    </failure>
  </testcase> <!-- testDelUser -->
  <testcase classname="api.test.UserDDTests" name="testDelUser" time="1.158"/>
  <testcase classname="api.test.UserDDTests" name="testDelUser" time="1.185"/>
  <testcase classname="api.test.UserDDTests" name="testDelUser" time="1.237">
    <failure type="java.lang.AssertionError" message="expected [200] but found [404]">
      <![CDATA[java.lang.AssertionError: expected [200] but found [404]
at api.test.UserDDTests.testDelUser(UserDDTests.java:76)
at java.base/java.util.ArrayList.forEach(ArrayList.java:1597)
... Removed 36 stack frames]]>
    </failure>
  </testcase> <!-- testDelUser -->
</testsuite> <!-- PetTest -->
