<?xml version="1.0" encoding="UTF-8"?>
<!-- Generated by org.testng.reporters.JUnitXMLReporter -->
<testsuite ignored="0" hostname="DESKTOP-LFJLTI0" failures="4" tests="14" name="PetTest" time="27.583" errors="0" timestamp="2025-03-11T22:03:15 IST">
  <testcase classname="api.test.UserDDTests" name="testPostUser" time="4.597"/>
  <testcase classname="api.test.UserDDTests" name="testPostUser" time="1.443"/>
  <testcase classname="api.test.UserDDTests" name="testPostUser" time="1.445"/>
  <testcase classname="api.test.UserDDTests" name="testPostUser" time="1.525"/>
  <testcase classname="api.test.UserDDTests" name="testPostUser" time="1.783"/>
  <testcase classname="api.test.UserDDTests" name="testPostUser" time="1.433"/>
  <testcase classname="api.test.UserDDTests" name="testPostUser" time="1.404"/>
  <testcase classname="api.test.UserDDTests" name="testDelUser" time="1.441">
    <failure type="java.lang.AssertionError" message="expected [200] but found [404]">
      <![CDATA[java.lang.AssertionError: expected [200] but found [404]
at api.test.UserDDTests.testDelUser(UserDDTests.java:76)
at java.base/java.util.ArrayList.forEach(ArrayList.java:1597)
... Removed 32 stack frames]]>
    </failure>
  </testcase> <!-- testDelUser -->
  <testcase classname="api.test.UserDDTests" name="testDelUser" time="1.351"/>
  <testcase classname="api.test.UserDDTests" name="testDelUser" time="1.375"/>
  <testcase classname="api.test.UserDDTests" name="testDelUser" time="1.363">
    <failure type="java.lang.AssertionError" message="expected [200] but found [404]">
      <![CDATA[java.lang.AssertionError: expected [200] but found [404]
at api.test.UserDDTests.testDelUser(UserDDTests.java:76)
at java.base/java.util.ArrayList.forEach(ArrayList.java:1597)
... Removed 32 stack frames]]>
    </failure>
  </testcase> <!-- testDelUser -->
  <testcase classname="api.test.UserDDTests" name="testDelUser" time="1.359">
    <failure type="java.lang.AssertionError" message="expected [200] but found [404]">
      <![CDATA[java.lang.AssertionError: expected [200] but found [404]
at api.test.UserDDTests.testDelUser(UserDDTests.java:76)
at java.base/java.util.ArrayList.forEach(ArrayList.java:1597)
... Removed 32 stack frames]]>
    </failure>
  </testcase> <!-- testDelUser -->
  <testcase classname="api.test.UserDDTests" name="testDelUser" time="1.363">
    <failure type="java.lang.AssertionError" message="expected [200] but found [404]">
      <![CDATA[java.lang.AssertionError: expected [200] but found [404]
at api.test.UserDDTests.testDelUser(UserDDTests.java:76)
at java.base/java.util.ArrayList.forEach(ArrayList.java:1597)
... Removed 32 stack frames]]>
    </failure>
  </testcase> <!-- testDelUser -->
  <testcase classname="api.test.UserDDTests" name="testDelUser" time="1.36"/>
</testsuite> <!-- PetTest -->
